2023-02-10 10:07:42,615 [Worker-0: Loading available Gradle versions] INFO  o.e.b.c.i.u.g.PublishedGradleVersions - Gradle version information cache is up-to-date. Trying to read.
2023-02-10 10:25:27,075 [Worker-4: Loading available Gradle versions] INFO  o.e.b.c.i.u.g.PublishedGradleVersions - Gradle version information cache is up-to-date. Trying to read.
2023-02-10 10:38:42,623 [Worker-2: Loading available Gradle versions] INFO  o.e.b.c.i.u.g.PublishedGradleVersions - Gradle version information cache is up-to-date. Trying to read.
2023-02-10 15:58:06,433 [Worker-0: Loading available Gradle versions] INFO  o.e.b.c.i.u.g.PublishedGradleVersions - Gradle version information cache is up-to-date. Trying to read.
2023-02-10 18:29:28,025 [Worker-0: Loading available Gradle versions] INFO  o.e.b.c.i.u.g.PublishedGradleVersions - Gradle version information cache is up-to-date. Trying to read.
2023-02-10 18:30:36,724 [Worker-1: Loading available Gradle versions] INFO  o.e.b.c.i.u.g.PublishedGradleVersions - Gradle version information cache is up-to-date. Trying to read.
2023-02-10 18:39:10,392 [Worker-0: Loading available Gradle versions] INFO  o.e.b.c.i.u.g.PublishedGradleVersions - Gradle version information cache is up-to-date. Trying to read.
2023-02-10 18:51:30,834 [Worker-5: Loading available Gradle versions] INFO  o.e.b.c.i.u.g.PublishedGradleVersions - Gradle version information cache is up-to-date. Trying to read.
2023-02-10 19:30:10,877 [Worker-5: Loading available Gradle versions] INFO  o.e.b.c.i.u.g.PublishedGradleVersions - Gradle version information cache is up-to-date. Trying to read.
2023-02-11 08:59:05,117 [Worker-3: Loading available Gradle versions] INFO  o.e.b.c.i.u.g.PublishedGradleVersions - Gradle version information cache is up-to-date. Trying to read.
2023-02-11 18:54:54,915 [Worker-5: Loading available Gradle versions] INFO  o.e.b.c.i.u.g.PublishedGradleVersions - Gradle version information cache is out-of-date. Trying to update.
2023-02-12 10:00:49,791 [Worker-5: Loading available Gradle versions] INFO  o.e.b.c.i.u.g.PublishedGradleVersions - Gradle version information cache is up-to-date. Trying to read.
2023-02-12 10:26:22,688 [Worker-6: Loading available Gradle versions] INFO  o.e.b.c.i.u.g.PublishedGradleVersions - Gradle version information cache is up-to-date. Trying to read.
2023-02-12 11:07:27,752 [Worker-3: Loading available Gradle versions] INFO  o.e.b.c.i.u.g.PublishedGradleVersions - Gradle version information cache is up-to-date. Trying to read.
2023-02-13 06:19:52,118 [Worker-1: Loading available Gradle versions] INFO  o.e.b.c.i.u.g.PublishedGradleVersions - Gradle version information cache is out-of-date. Trying to update.
2023-02-13 06:19:52,618 [Worker-1: Loading available Gradle versions] INFO  o.e.b.c.i.u.g.PublishedGradleVersions - Updating Gradle version information cache failed. Using outdated cache.
2023-02-13 12:42:35,638 [Worker-3: Loading available Gradle versions] INFO  o.e.b.c.i.u.g.PublishedGradleVersions - Gradle version information cache is up-to-date. Trying to read.
2023-02-15 15:57:51,932 [Worker-1: Loading available Gradle versions] INFO  o.e.b.c.i.u.g.PublishedGradleVersions - Gradle version information cache is up-to-date. Trying to read.
2023-02-15 22:31:58,931 [Worker-0: Loading available Gradle versions] INFO  o.e.b.c.i.u.g.PublishedGradleVersions - Gradle version information cache is out-of-date. Trying to update.
2023-02-16 15:56:47,704 [Worker-1: Loading available Gradle versions] INFO  o.e.b.c.i.u.g.PublishedGradleVersions - Gradle version information cache is up-to-date. Trying to read.
2023-02-16 21:48:16,407 [Worker-5: Loading available Gradle versions] INFO  o.e.b.c.i.u.g.PublishedGradleVersions - Gradle version information cache is up-to-date. Trying to read.
2023-02-17 16:06:30,475 [Worker-4: Loading available Gradle versions] INFO  o.e.b.c.i.u.g.PublishedGradleVersions - Gradle version information cache is up-to-date. Trying to read.
2023-02-17 16:13:16,963 [Worker-1: Loading available Gradle versions] INFO  o.e.b.c.i.u.g.PublishedGradleVersions - Gradle version information cache is up-to-date. Trying to read.
2023-02-17 21:31:05,609 [Worker-3: Loading available Gradle versions] INFO  o.e.b.c.i.u.g.PublishedGradleVersions - Gradle version information cache is up-to-date. Trying to read.
2023-02-17 21:59:57,135 [Worker-1: Loading available Gradle versions] INFO  o.e.b.c.i.u.g.PublishedGradleVersions - Gradle version information cache is up-to-date. Trying to read.
2023-02-17 22:19:02,744 [Worker-5: Loading available Gradle versions] INFO  o.e.b.c.i.u.g.PublishedGradleVersions - Gradle version information cache is up-to-date. Trying to read.
2023-02-17 22:32:36,135 [Worker-8: Loading available Gradle versions] INFO  o.e.b.c.i.u.g.PublishedGradleVersions - Gradle version information cache is up-to-date. Trying to read.
2023-02-18 15:54:11,865 [Worker-3: Loading available Gradle versions] INFO  o.e.b.c.i.u.g.PublishedGradleVersions - Gradle version information cache is out-of-date. Trying to update.
2023-02-18 15:54:12,303 [Worker-3: Loading available Gradle versions] INFO  o.e.b.c.i.u.g.PublishedGradleVersions - Updating Gradle version information cache failed. Using outdated cache.
2023-02-18 16:14:56,764 [Worker-7: Loading available Gradle versions] INFO  o.e.b.c.i.u.g.PublishedGradleVersions - Gradle version information cache is out-of-date. Trying to update.
2023-02-18 16:14:57,112 [Worker-7: Loading available Gradle versions] INFO  o.e.b.c.i.u.g.PublishedGradleVersions - Updating Gradle version information cache failed. Using outdated cache.
2023-02-18 17:25:06,412 [Worker-2: Loading available Gradle versions] INFO  o.e.b.c.i.u.g.PublishedGradleVersions - Gradle version information cache is out-of-date. Trying to update.
2023-02-18 17:25:06,845 [Worker-2: Loading available Gradle versions] INFO  o.e.b.c.i.u.g.PublishedGradleVersions - Updating Gradle version information cache failed. Using outdated cache.
2023-02-18 17:25:39,816 [Worker-2: Loading available Gradle versions] INFO  o.e.b.c.i.u.g.PublishedGradleVersions - Gradle version information cache is out-of-date. Trying to update.
2023-02-18 17:25:40,197 [Worker-2: Loading available Gradle versions] INFO  o.e.b.c.i.u.g.PublishedGradleVersions - Updating Gradle version information cache failed. Using outdated cache.
2023-02-18 19:15:30,560 [Worker-3: Loading available Gradle versions] INFO  o.e.b.c.i.u.g.PublishedGradleVersions - Gradle version information cache is out-of-date. Trying to update.
2023-02-21 10:27:39,618 [Worker-0: Loading available Gradle versions] INFO  o.e.b.c.i.u.g.PublishedGradleVersions - Gradle version information cache is up-to-date. Trying to read.
2023-02-21 12:42:58,784 [Worker-3: Loading available Gradle versions] INFO  o.e.b.c.i.u.g.PublishedGradleVersions - Gradle version information cache is up-to-date. Trying to read.
2023-02-21 15:04:33,632 [Worker-3: Loading available Gradle versions] INFO  o.e.b.c.i.u.g.PublishedGradleVersions - Gradle version information cache is up-to-date. Trying to read.
2023-02-21 16:00:56,260 [Worker-5: Loading available Gradle versions] INFO  o.e.b.c.i.u.g.PublishedGradleVersions - Gradle version information cache is up-to-date. Trying to read.
2023-02-21 16:27:52,925 [Worker-3: Loading available Gradle versions] INFO  o.e.b.c.i.u.g.PublishedGradleVersions - Gradle version information cache is up-to-date. Trying to read.
2023-02-21 19:00:03,255 [Worker-1: Loading available Gradle versions] INFO  o.e.b.c.i.u.g.PublishedGradleVersions - Gradle version information cache is up-to-date. Trying to read.
2023-02-22 16:07:50,354 [Worker-3: Loading available Gradle versions] INFO  o.e.b.c.i.u.g.PublishedGradleVersions - Gradle version information cache is out-of-date. Trying to update.
2023-02-22 16:07:50,737 [Worker-3: Loading available Gradle versions] INFO  o.e.b.c.i.u.g.PublishedGradleVersions - Updating Gradle version information cache failed. Using outdated cache.
2023-02-22 22:57:31,787 [Worker-1: Loading available Gradle versions] INFO  o.e.b.c.i.u.g.PublishedGradleVersions - Gradle version information cache is out-of-date. Trying to update.
2023-02-22 22:57:32,233 [Worker-1: Loading available Gradle versions] INFO  o.e.b.c.i.u.g.PublishedGradleVersions - Updating Gradle version information cache failed. Using outdated cache.
2023-02-25 12:45:08,321 [Worker-4: Loading available Gradle versions] INFO  o.e.b.c.i.u.g.PublishedGradleVersions - Gradle version information cache is up-to-date. Trying to read.
2023-02-27 15:53:55,685 [Worker-2: Loading available Gradle versions] INFO  o.e.b.c.i.u.g.PublishedGradleVersions - Gradle version information cache is up-to-date. Trying to read.
2023-02-27 15:58:49,946 [Worker-3: Loading available Gradle versions] INFO  o.e.b.c.i.u.g.PublishedGradleVersions - Gradle version information cache is up-to-date. Trying to read.
2023-02-27 17:40:25,081 [Worker-6: Loading available Gradle versions] INFO  o.e.b.c.i.u.g.PublishedGradleVersions - Gradle version information cache is up-to-date. Trying to read.
2023-02-28 16:00:51,896 [Worker-5: Loading available Gradle versions] INFO  o.e.b.c.i.u.g.PublishedGradleVersions - Gradle version information cache is up-to-date. Trying to read.
2023-03-02 14:12:25,892 [Worker-3: Loading available Gradle versions] INFO  o.e.b.c.i.u.g.PublishedGradleVersions - Gradle version information cache is up-to-date. Trying to read.
2023-03-06 14:07:05,832 [Worker-1: Loading available Gradle versions] INFO  o.e.b.c.i.u.g.PublishedGradleVersions - Gradle version information cache is up-to-date. Trying to read.
2023-03-08 14:49:21,561 [Worker-5: Loading available Gradle versions] INFO  o.e.b.c.i.u.g.PublishedGradleVersions - Gradle version information cache is up-to-date. Trying to read.
2023-03-08 14:55:30,279 [Worker-1: Loading available Gradle versions] INFO  o.e.b.c.i.u.g.PublishedGradleVersions - Gradle version information cache is up-to-date. Trying to read.
2023-03-08 19:32:35,635 [Worker-3: Loading available Gradle versions] INFO  o.e.b.c.i.u.g.PublishedGradleVersions - Gradle version information cache is up-to-date. Trying to read.
2023-03-08 19:34:02,600 [Worker-2: Loading available Gradle versions] INFO  o.e.b.c.i.u.g.PublishedGradleVersions - Gradle version information cache is up-to-date. Trying to read.
2023-03-08 19:36:10,658 [Worker-3: Launching mavenrun-6ff4fafb-52d5-4be5-b5d7-e8eec5505ef5] INFO  o.eclipse.m2e.core.internal.Bundles - getClasspathEntries(Bundle=org.eclipse.m2e.maven.runtime_3.8.604.20221130-2149 [605])
2023-03-08 19:36:10,673 [Worker-3: Launching mavenrun-6ff4fafb-52d5-4be5-b5d7-e8eec5505ef5] INFO  o.eclipse.m2e.core.internal.Bundles - 	Entry: C:\Users\aware\.p2\pool\plugins\org.eclipse.m2e.maven.runtime_3.8.604.20221130-2149
2023-03-08 19:36:10,674 [Worker-3: Launching mavenrun-6ff4fafb-52d5-4be5-b5d7-e8eec5505ef5] INFO  o.eclipse.m2e.core.internal.Bundles - 	Entry: C:\Users\aware\.p2\pool\plugins\org.eclipse.m2e.maven.runtime_3.8.604.20221130-2149\jars\aether-connector-okhttp-0.17.8.jar
2023-03-08 19:36:10,674 [Worker-3: Launching mavenrun-6ff4fafb-52d5-4be5-b5d7-e8eec5505ef5] INFO  o.eclipse.m2e.core.internal.Bundles - 	Entry: C:\Users\aware\.p2\pool\plugins\org.eclipse.m2e.maven.runtime_3.8.604.20221130-2149\jars\commons-cli-1.4.jar
2023-03-08 19:36:10,674 [Worker-3: Launching mavenrun-6ff4fafb-52d5-4be5-b5d7-e8eec5505ef5] INFO  o.eclipse.m2e.core.internal.Bundles - 	Entry: C:\Users\aware\.p2\pool\plugins\org.eclipse.m2e.maven.runtime_3.8.604.20221130-2149\jars\commons-io-2.6.jar
2023-03-08 19:36:10,674 [Worker-3: Launching mavenrun-6ff4fafb-52d5-4be5-b5d7-e8eec5505ef5] INFO  o.eclipse.m2e.core.internal.Bundles - 	Entry: C:\Users\aware\.p2\pool\plugins\org.eclipse.m2e.maven.runtime_3.8.604.20221130-2149\jars\commons-lang3-3.8.1.jar
2023-03-08 19:36:10,674 [Worker-3: Launching mavenrun-6ff4fafb-52d5-4be5-b5d7-e8eec5505ef5] INFO  o.eclipse.m2e.core.internal.Bundles - 	Entry: C:\Users\aware\.p2\pool\plugins\org.eclipse.m2e.maven.runtime_3.8.604.20221130-2149\jars\guice-4.2.2-no_aop.jar
2023-03-08 19:36:10,675 [Worker-3: Launching mavenrun-6ff4fafb-52d5-4be5-b5d7-e8eec5505ef5] INFO  o.eclipse.m2e.core.internal.Bundles - 	Entry: C:\Users\aware\.p2\pool\plugins\org.eclipse.m2e.maven.runtime_3.8.604.20221130-2149\jars\jansi-2.4.0.jar
2023-03-08 19:36:10,675 [Worker-3: Launching mavenrun-6ff4fafb-52d5-4be5-b5d7-e8eec5505ef5] INFO  o.eclipse.m2e.core.internal.Bundles - 	Entry: C:\Users\aware\.p2\pool\plugins\org.eclipse.m2e.maven.runtime_3.8.604.20221130-2149\jars\maven-artifact-3.8.6.jar
2023-03-08 19:36:10,675 [Worker-3: Launching mavenrun-6ff4fafb-52d5-4be5-b5d7-e8eec5505ef5] INFO  o.eclipse.m2e.core.internal.Bundles - 	Entry: C:\Users\aware\.p2\pool\plugins\org.eclipse.m2e.maven.runtime_3.8.604.20221130-2149\jars\maven-builder-support-3.8.6.jar
2023-03-08 19:36:10,675 [Worker-3: Launching mavenrun-6ff4fafb-52d5-4be5-b5d7-e8eec5505ef5] INFO  o.eclipse.m2e.core.internal.Bundles - 	Entry: C:\Users\aware\.p2\pool\plugins\org.eclipse.m2e.maven.runtime_3.8.604.20221130-2149\jars\maven-compat-3.8.6.jar
2023-03-08 19:36:10,676 [Worker-3: Launching mavenrun-6ff4fafb-52d5-4be5-b5d7-e8eec5505ef5] INFO  o.eclipse.m2e.core.internal.Bundles - 	Entry: C:\Users\aware\.p2\pool\plugins\org.eclipse.m2e.maven.runtime_3.8.604.20221130-2149\jars\maven-core-3.8.6.jar
2023-03-08 19:36:10,676 [Worker-3: Launching mavenrun-6ff4fafb-52d5-4be5-b5d7-e8eec5505ef5] INFO  o.eclipse.m2e.core.internal.Bundles - 	Entry: C:\Users\aware\.p2\pool\plugins\org.eclipse.m2e.maven.runtime_3.8.604.20221130-2149\jars\maven-embedder-3.8.6.jar
2023-03-08 19:36:10,676 [Worker-3: Launching mavenrun-6ff4fafb-52d5-4be5-b5d7-e8eec5505ef5] INFO  o.eclipse.m2e.core.internal.Bundles - 	Entry: C:\Users\aware\.p2\pool\plugins\org.eclipse.m2e.maven.runtime_3.8.604.20221130-2149\jars\maven-model-3.8.6.jar
2023-03-08 19:36:10,676 [Worker-3: Launching mavenrun-6ff4fafb-52d5-4be5-b5d7-e8eec5505ef5] INFO  o.eclipse.m2e.core.internal.Bundles - 	Entry: C:\Users\aware\.p2\pool\plugins\org.eclipse.m2e.maven.runtime_3.8.604.20221130-2149\jars\maven-model-builder-3.8.6.jar
2023-03-08 19:36:10,676 [Worker-3: Launching mavenrun-6ff4fafb-52d5-4be5-b5d7-e8eec5505ef5] INFO  o.eclipse.m2e.core.internal.Bundles - 	Entry: C:\Users\aware\.p2\pool\plugins\org.eclipse.m2e.maven.runtime_3.8.604.20221130-2149\jars\maven-plugin-api-3.8.6.jar
2023-03-08 19:36:10,677 [Worker-3: Launching mavenrun-6ff4fafb-52d5-4be5-b5d7-e8eec5505ef5] INFO  o.eclipse.m2e.core.internal.Bundles - 	Entry: C:\Users\aware\.p2\pool\plugins\org.eclipse.m2e.maven.runtime_3.8.604.20221130-2149\jars\maven-repository-metadata-3.8.6.jar
2023-03-08 19:36:10,677 [Worker-3: Launching mavenrun-6ff4fafb-52d5-4be5-b5d7-e8eec5505ef5] INFO  o.eclipse.m2e.core.internal.Bundles - 	Entry: C:\Users\aware\.p2\pool\plugins\org.eclipse.m2e.maven.runtime_3.8.604.20221130-2149\jars\maven-resolver-api-1.6.3.jar
2023-03-08 19:36:10,677 [Worker-3: Launching mavenrun-6ff4fafb-52d5-4be5-b5d7-e8eec5505ef5] INFO  o.eclipse.m2e.core.internal.Bundles - 	Entry: C:\Users\aware\.p2\pool\plugins\org.eclipse.m2e.maven.runtime_3.8.604.20221130-2149\jars\maven-resolver-connector-basic-1.6.3.jar
2023-03-08 19:36:10,677 [Worker-3: Launching mavenrun-6ff4fafb-52d5-4be5-b5d7-e8eec5505ef5] INFO  o.eclipse.m2e.core.internal.Bundles - 	Entry: C:\Users\aware\.p2\pool\plugins\org.eclipse.m2e.maven.runtime_3.8.604.20221130-2149\jars\maven-resolver-impl-1.6.3.jar
2023-03-08 19:36:10,677 [Worker-3: Launching mavenrun-6ff4fafb-52d5-4be5-b5d7-e8eec5505ef5] INFO  o.eclipse.m2e.core.internal.Bundles - 	Entry: C:\Users\aware\.p2\pool\plugins\org.eclipse.m2e.maven.runtime_3.8.604.20221130-2149\jars\maven-resolver-provider-3.8.6.jar
2023-03-08 19:36:10,677 [Worker-3: Launching mavenrun-6ff4fafb-52d5-4be5-b5d7-e8eec5505ef5] INFO  o.eclipse.m2e.core.internal.Bundles - 	Entry: C:\Users\aware\.p2\pool\plugins\org.eclipse.m2e.maven.runtime_3.8.604.20221130-2149\jars\maven-resolver-spi-1.6.3.jar
2023-03-08 19:36:10,678 [Worker-3: Launching mavenrun-6ff4fafb-52d5-4be5-b5d7-e8eec5505ef5] INFO  o.eclipse.m2e.core.internal.Bundles - 	Entry: C:\Users\aware\.p2\pool\plugins\org.eclipse.m2e.maven.runtime_3.8.604.20221130-2149\jars\maven-resolver-transport-wagon-1.6.3.jar
2023-03-08 19:36:10,678 [Worker-3: Launching mavenrun-6ff4fafb-52d5-4be5-b5d7-e8eec5505ef5] INFO  o.eclipse.m2e.core.internal.Bundles - 	Entry: C:\Users\aware\.p2\pool\plugins\org.eclipse.m2e.maven.runtime_3.8.604.20221130-2149\jars\maven-resolver-util-1.6.3.jar
2023-03-08 19:36:10,678 [Worker-3: Launching mavenrun-6ff4fafb-52d5-4be5-b5d7-e8eec5505ef5] INFO  o.eclipse.m2e.core.internal.Bundles - 	Entry: C:\Users\aware\.p2\pool\plugins\org.eclipse.m2e.maven.runtime_3.8.604.20221130-2149\jars\maven-settings-3.8.6.jar
2023-03-08 19:36:10,679 [Worker-3: Launching mavenrun-6ff4fafb-52d5-4be5-b5d7-e8eec5505ef5] INFO  o.eclipse.m2e.core.internal.Bundles - 	Entry: C:\Users\aware\.p2\pool\plugins\org.eclipse.m2e.maven.runtime_3.8.604.20221130-2149\jars\maven-settings-builder-3.8.6.jar
2023-03-08 19:36:10,679 [Worker-3: Launching mavenrun-6ff4fafb-52d5-4be5-b5d7-e8eec5505ef5] INFO  o.eclipse.m2e.core.internal.Bundles - 	Entry: C:\Users\aware\.p2\pool\plugins\org.eclipse.m2e.maven.runtime_3.8.604.20221130-2149\jars\maven-shared-utils-3.3.4.jar
2023-03-08 19:36:10,679 [Worker-3: Launching mavenrun-6ff4fafb-52d5-4be5-b5d7-e8eec5505ef5] INFO  o.eclipse.m2e.core.internal.Bundles - 	Entry: C:\Users\aware\.p2\pool\plugins\org.eclipse.m2e.maven.runtime_3.8.604.20221130-2149\jars\okhttp-3.14.1.jar
2023-03-08 19:36:10,679 [Worker-3: Launching mavenrun-6ff4fafb-52d5-4be5-b5d7-e8eec5505ef5] INFO  o.eclipse.m2e.core.internal.Bundles - 	Entry: C:\Users\aware\.p2\pool\plugins\org.eclipse.m2e.maven.runtime_3.8.604.20221130-2149\jars\okio-1.17.3.jar
2023-03-08 19:36:10,679 [Worker-3: Launching mavenrun-6ff4fafb-52d5-4be5-b5d7-e8eec5505ef5] INFO  o.eclipse.m2e.core.internal.Bundles - 	Entry: C:\Users\aware\.p2\pool\plugins\org.eclipse.m2e.maven.runtime_3.8.604.20221130-2149\jars\org.eclipse.sisu.inject-0.3.5.jar
2023-03-08 19:36:10,680 [Worker-3: Launching mavenrun-6ff4fafb-52d5-4be5-b5d7-e8eec5505ef5] INFO  o.eclipse.m2e.core.internal.Bundles - 	Entry: C:\Users\aware\.p2\pool\plugins\org.eclipse.m2e.maven.runtime_3.8.604.20221130-2149\jars\org.eclipse.sisu.plexus-0.3.5.jar
2023-03-08 19:36:10,680 [Worker-3: Launching mavenrun-6ff4fafb-52d5-4be5-b5d7-e8eec5505ef5] INFO  o.eclipse.m2e.core.internal.Bundles - 	Entry: C:\Users\aware\.p2\pool\plugins\org.eclipse.m2e.maven.runtime_3.8.604.20221130-2149\jars\plexus-build-api-0.0.7.jar
2023-03-08 19:36:10,680 [Worker-3: Launching mavenrun-6ff4fafb-52d5-4be5-b5d7-e8eec5505ef5] INFO  o.eclipse.m2e.core.internal.Bundles - 	Entry: C:\Users\aware\.p2\pool\plugins\org.eclipse.m2e.maven.runtime_3.8.604.20221130-2149\jars\plexus-cipher-2.0.jar
2023-03-08 19:36:10,680 [Worker-3: Launching mavenrun-6ff4fafb-52d5-4be5-b5d7-e8eec5505ef5] INFO  o.eclipse.m2e.core.internal.Bundles - 	Entry: C:\Users\aware\.p2\pool\plugins\org.eclipse.m2e.maven.runtime_3.8.604.20221130-2149\jars\plexus-classworlds-2.6.0.jar
2023-03-08 19:36:10,680 [Worker-3: Launching mavenrun-6ff4fafb-52d5-4be5-b5d7-e8eec5505ef5] INFO  o.eclipse.m2e.core.internal.Bundles - 	Entry: C:\Users\aware\.p2\pool\plugins\org.eclipse.m2e.maven.runtime_3.8.604.20221130-2149\jars\plexus-component-annotations-2.1.0.jar
2023-03-08 19:36:10,680 [Worker-3: Launching mavenrun-6ff4fafb-52d5-4be5-b5d7-e8eec5505ef5] INFO  o.eclipse.m2e.core.internal.Bundles - 	Entry: C:\Users\aware\.p2\pool\plugins\org.eclipse.m2e.maven.runtime_3.8.604.20221130-2149\jars\plexus-interpolation-1.26.jar
2023-03-08 19:36:10,681 [Worker-3: Launching mavenrun-6ff4fafb-52d5-4be5-b5d7-e8eec5505ef5] INFO  o.eclipse.m2e.core.internal.Bundles - 	Entry: C:\Users\aware\.p2\pool\plugins\org.eclipse.m2e.maven.runtime_3.8.604.20221130-2149\jars\plexus-sec-dispatcher-2.0.jar
2023-03-08 19:36:10,681 [Worker-3: Launching mavenrun-6ff4fafb-52d5-4be5-b5d7-e8eec5505ef5] INFO  o.eclipse.m2e.core.internal.Bundles - 	Entry: C:\Users\aware\.p2\pool\plugins\org.eclipse.m2e.maven.runtime_3.8.604.20221130-2149\jars\plexus-utils-3.3.1.jar
2023-03-08 19:36:10,681 [Worker-3: Launching mavenrun-6ff4fafb-52d5-4be5-b5d7-e8eec5505ef5] INFO  o.eclipse.m2e.core.internal.Bundles - 	Entry: C:\Users\aware\.p2\pool\plugins\org.eclipse.m2e.maven.runtime_3.8.604.20221130-2149\jars\wagon-file-3.5.1.jar
2023-03-08 19:36:10,681 [Worker-3: Launching mavenrun-6ff4fafb-52d5-4be5-b5d7-e8eec5505ef5] INFO  o.eclipse.m2e.core.internal.Bundles - 	Entry: C:\Users\aware\.p2\pool\plugins\org.eclipse.m2e.maven.runtime_3.8.604.20221130-2149\jars\wagon-provider-api-3.5.1.jar
2023-03-08 19:36:10,683 [Worker-3: Launching mavenrun-6ff4fafb-52d5-4be5-b5d7-e8eec5505ef5] INFO  o.eclipse.m2e.core.internal.Bundles - getClasspathEntries(Bundle=com.google.guava_30.1.0.v20221112-0806 [10])
2023-03-08 19:36:10,685 [Worker-3: Launching mavenrun-6ff4fafb-52d5-4be5-b5d7-e8eec5505ef5] INFO  o.eclipse.m2e.core.internal.Bundles - 	Entry: C:\Users\aware\.p2\pool\plugins\com.google.guava_30.1.0.v20221112-0806.jar
2023-03-08 19:36:10,685 [Worker-3: Launching mavenrun-6ff4fafb-52d5-4be5-b5d7-e8eec5505ef5] INFO  o.eclipse.m2e.core.internal.Bundles - getClasspathEntries(Bundle=slf4j.api_1.7.36 [917])
2023-03-08 19:36:10,686 [Worker-3: Launching mavenrun-6ff4fafb-52d5-4be5-b5d7-e8eec5505ef5] INFO  o.eclipse.m2e.core.internal.Bundles - 	Entry: C:\Users\aware\.p2\pool\plugins\slf4j.api_1.7.36.jar
2023-03-08 19:36:10,686 [Worker-3: Launching mavenrun-6ff4fafb-52d5-4be5-b5d7-e8eec5505ef5] INFO  o.eclipse.m2e.core.internal.Bundles - getClasspathEntries(Bundle=javax.inject_1.0.0.v20220405-0441 [32])
2023-03-08 19:36:10,688 [Worker-3: Launching mavenrun-6ff4fafb-52d5-4be5-b5d7-e8eec5505ef5] INFO  o.eclipse.m2e.core.internal.Bundles - 	Entry: C:\Users\aware\.p2\pool\plugins\javax.inject_1.0.0.v20220405-0441.jar
2023-03-08 19:36:10,688 [Worker-3: Launching mavenrun-6ff4fafb-52d5-4be5-b5d7-e8eec5505ef5] INFO  o.eclipse.m2e.core.internal.Bundles - getClasspathEntries(Bundle=javax.annotation_1.3.5.v20221112-0806 [30])
2023-03-08 19:36:10,689 [Worker-3: Launching mavenrun-6ff4fafb-52d5-4be5-b5d7-e8eec5505ef5] INFO  o.eclipse.m2e.core.internal.Bundles - 	Entry: C:\Users\aware\.p2\pool\plugins\javax.annotation_1.3.5.v20221112-0806.jar
2023-03-08 19:36:10,698 [Worker-3: Launching mavenrun-6ff4fafb-52d5-4be5-b5d7-e8eec5505ef5] INFO  o.e.m.i.launch.MavenLaunchDelegate - Run build in "C:\Users\aware\AppData\Local\Temp\m2e-archetypeGenerator11900887816947075789":
2023-03-08 19:36:10,703 [Worker-3: Launching mavenrun-6ff4fafb-52d5-4be5-b5d7-e8eec5505ef5] INFO  o.e.m.i.launch.MavenLaunchDelegate -  mvn  -DarchetypeGroupId=org.apache.maven.archetypes -DarchetypeArtifactId=maven-archetype-quickstart -DarchetypeVersion=1.4 -DgroupId=com.jspiders -DartifactId=Hibernate_OneToMany -Dversion=0.0.1-SNAPSHOT -Dpackage=com.jspiders.Hibernate_OneToMany -DoutputDirectory="C:\WEJE3\QSpider's Data" -B -Dstyle.color=always -U archetype:generate
2023-03-08 19:36:20,180 [Worker-1: Creating maven-archetype-quickstart] INFO  o.e.m.c.i.p.ProjectConfigurationManager - Collecting project info '/pom.xml' C:\WEJE3\QSpider's Data\Hibernate_OneToMany\pom.xml
2023-03-08 19:36:20,840 [Worker-1: Creating maven-archetype-quickstart] INFO  o.e.m.c.i.l.LifecycleMappingFactory - Using org.eclipse.m2e.jdt.JarLifecycleMapping lifecycle mapping for MavenProject: com.jspiders:Hibernate_OneToMany:0.0.1-SNAPSHOT @ C:\WEJE3\QSpider's Data\Hibernate_OneToMany\pom.xml.
2023-03-08 19:36:21,308 [Worker-1: Creating maven-archetype-quickstart] INFO  o.e.m.j.i.AbstractJavaProjectConfigurator - Adding source folder /Hibernate_OneToMany/src/main/java
2023-03-08 19:36:21,317 [Worker-1: Creating maven-archetype-quickstart] INFO  o.e.m.j.i.AbstractJavaProjectConfigurator - Adding source folder /Hibernate_OneToMany/src/test/java
2023-03-08 19:36:21,435 [Worker-1: Creating maven-archetype-quickstart] INFO  o.e.m.c.i.p.ProjectConfigurationManager - Imported and configured 1 project(s) in 1 sec
2023-03-08 19:36:22,439 [Worker-12: Building] INFO  o.e.m.c.i.embedder.EclipseLogger - Using 'UTF-8' encoding to copy filtered resources.
2023-03-08 19:36:22,440 [Worker-12: Building] INFO  o.e.m.c.i.embedder.EclipseLogger - skip non existing resourceDirectory C:\WEJE3\QSpider's Data\Hibernate_OneToMany\src\main\resources
2023-03-08 19:36:22,443 [Worker-12: Building] INFO  o.e.m.c.i.embedder.EclipseLogger - Using 'UTF-8' encoding to copy filtered resources.
2023-03-08 19:36:22,443 [Worker-12: Building] INFO  o.e.m.c.i.embedder.EclipseLogger - skip non existing resourceDirectory C:\WEJE3\QSpider's Data\Hibernate_OneToMany\src\test\resources
2023-03-08 19:37:40,783 [Worker-6: Building] INFO  o.e.m.c.i.embedder.EclipseLogger - Using 'UTF-8' encoding to copy filtered resources.
2023-03-08 19:37:40,783 [Worker-6: Building] INFO  o.e.m.c.i.embedder.EclipseLogger - skip non existing resourceDirectory C:\WEJE3\QSpider's Data\Hibernate_OneToMany\src\main\resources
2023-03-08 19:37:40,786 [Worker-6: Building] INFO  o.e.m.c.i.embedder.EclipseLogger - Using 'UTF-8' encoding to copy filtered resources.
2023-03-08 19:37:40,786 [Worker-6: Building] INFO  o.e.m.c.i.embedder.EclipseLogger - skip non existing resourceDirectory C:\WEJE3\QSpider's Data\Hibernate_OneToMany\src\test\resources
2023-03-08 19:37:42,587 [Worker-8: Building] INFO  o.e.m.c.i.embedder.EclipseLogger - Using 'UTF-8' encoding to copy filtered resources.
2023-03-08 19:37:42,588 [Worker-8: Building] INFO  o.e.m.c.i.embedder.EclipseLogger - skip non existing resourceDirectory C:\WEJE3\QSpider's Data\Hibernate_OneToMany\src\main\resources
2023-03-08 19:37:42,591 [Worker-8: Building] INFO  o.e.m.c.i.embedder.EclipseLogger - Using 'UTF-8' encoding to copy filtered resources.
2023-03-08 19:37:42,591 [Worker-8: Building] INFO  o.e.m.c.i.embedder.EclipseLogger - skip non existing resourceDirectory C:\WEJE3\QSpider's Data\Hibernate_OneToMany\src\test\resources
2023-03-08 19:37:42,678 [Worker-22: Building Project Hibernate_OneToMany] INFO  o.e.m.c.i.embedder.EclipseLogger - Using 'UTF-8' encoding to copy filtered resources.
2023-03-08 19:37:42,679 [Worker-22: Building Project Hibernate_OneToMany] INFO  o.e.m.c.i.embedder.EclipseLogger - skip non existing resourceDirectory C:\WEJE3\QSpider's Data\Hibernate_OneToMany\src\main\resources
2023-03-08 19:37:42,681 [Worker-22: Building Project Hibernate_OneToMany] INFO  o.e.m.c.i.embedder.EclipseLogger - Using 'UTF-8' encoding to copy filtered resources.
2023-03-08 19:37:42,681 [Worker-22: Building Project Hibernate_OneToMany] INFO  o.e.m.c.i.embedder.EclipseLogger - skip non existing resourceDirectory C:\WEJE3\QSpider's Data\Hibernate_OneToMany\src\test\resources
2023-03-08 19:37:50,633 [Worker-3: Building Project Hibernate_OneToMany] INFO  o.e.m.c.i.embedder.EclipseLogger - Using 'UTF-8' encoding to copy filtered resources.
2023-03-08 19:37:50,633 [Worker-3: Building Project Hibernate_OneToMany] INFO  o.e.m.c.i.embedder.EclipseLogger - skip non existing resourceDirectory C:\WEJE3\QSpider's Data\Hibernate_OneToMany\src\main\resources
2023-03-08 19:37:50,636 [Worker-3: Building Project Hibernate_OneToMany] INFO  o.e.m.c.i.embedder.EclipseLogger - Using 'UTF-8' encoding to copy filtered resources.
2023-03-08 19:37:50,636 [Worker-3: Building Project Hibernate_OneToMany] INFO  o.e.m.c.i.embedder.EclipseLogger - skip non existing resourceDirectory C:\WEJE3\QSpider's Data\Hibernate_OneToMany\src\test\resources
2023-03-08 19:38:25,822 [Worker-23: Building] ERROR o.e.m.c.i.p.r.ProjectRegistryManager - Could not read pom.xml
org.eclipse.core.runtime.CoreException: Could not read pom.xml
	at org.eclipse.m2e.core.internal.IMavenToolbox.readModel(IMavenToolbox.java:230)
	at org.eclipse.m2e.core.internal.project.registry.ProjectRegistryManager.refreshPhase2(ProjectRegistryManager.java:574)
	at org.eclipse.m2e.core.internal.project.registry.ProjectRegistryManager.refresh(ProjectRegistryManager.java:474)
	at org.eclipse.m2e.core.internal.project.registry.ProjectRegistryManager.refresh(ProjectRegistryManager.java:360)
	at org.eclipse.m2e.core.internal.project.registry.ProjectRegistryManager.refresh(ProjectRegistryManager.java:313)
	at org.eclipse.m2e.core.internal.builder.MavenBuilder$BuildMethod.getProjectFacade(MavenBuilder.java:149)
	at org.eclipse.m2e.core.internal.builder.MavenBuilder$BuildMethod.lambda$0(MavenBuilder.java:87)
	at org.eclipse.m2e.core.internal.embedder.MavenExecutionContext.executeBare(MavenExecutionContext.java:364)
	at org.eclipse.m2e.core.internal.embedder.MavenExecutionContext.execute(MavenExecutionContext.java:274)
	at org.eclipse.m2e.core.internal.embedder.MavenExecutionContext.execute(MavenExecutionContext.java:213)
	at org.eclipse.m2e.core.internal.builder.MavenBuilder$BuildMethod.execute(MavenBuilder.java:86)
	at org.eclipse.m2e.core.internal.builder.MavenBuilder.build(MavenBuilder.java:196)
	at org.eclipse.core.internal.events.BuildManager$2.run(BuildManager.java:1020)
	at org.eclipse.core.runtime.SafeRunner.run(SafeRunner.java:45)
	at org.eclipse.core.internal.events.BuildManager.basicBuild(BuildManager.java:247)
	at org.eclipse.core.internal.events.BuildManager.basicBuild(BuildManager.java:303)
	at org.eclipse.core.internal.events.BuildManager$1.run(BuildManager.java:392)
	at org.eclipse.core.runtime.SafeRunner.run(SafeRunner.java:45)
	at org.eclipse.core.internal.events.BuildManager.basicBuild(BuildManager.java:395)
	at org.eclipse.core.internal.events.BuildManager.basicBuildLoop(BuildManager.java:506)
	at org.eclipse.core.internal.events.BuildManager.basicBuildLoop(BuildManager.java:454)
	at org.eclipse.core.internal.events.BuildManager.build(BuildManager.java:536)
	at org.eclipse.core.internal.events.AutoBuildJob.doBuild(AutoBuildJob.java:161)
	at org.eclipse.core.internal.events.AutoBuildJob.run(AutoBuildJob.java:255)
	at org.eclipse.core.internal.jobs.Worker.run(Worker.java:63)
Caused by: org.apache.maven.model.io.ModelParseException: unexpected character in markup \r (position: END_TAG seen ...<version>1.18.26</version>\r\n    \t<\r... @60:8) 
	at org.apache.maven.model.io.DefaultModelReader.read(DefaultModelReader.java:117)
	at org.apache.maven.model.io.DefaultModelReader.read(DefaultModelReader.java:85)
	at org.eclipse.m2e.core.internal.IMavenToolbox.readModel(IMavenToolbox.java:228)
	... 24 common frames omitted
Caused by: org.codehaus.plexus.util.xml.pull.XmlPullParserException: unexpected character in markup \r (position: END_TAG seen ...<version>1.18.26</version>\r\n    \t<\r... @60:8) 
	at org.codehaus.plexus.util.xml.pull.MXParser.nextImpl(MXParser.java:1525)
	at org.codehaus.plexus.util.xml.pull.MXParser.next(MXParser.java:1319)
	at org.codehaus.plexus.util.xml.pull.MXParser.nextTag(MXParser.java:1302)
	at org.apache.maven.model.io.xpp3.MavenXpp3Reader.parseDependency(MavenXpp3Reader.java:1350)
	at org.apache.maven.model.io.xpp3.MavenXpp3Reader.parseModel(MavenXpp3Reader.java:2239)
	at org.apache.maven.model.io.xpp3.MavenXpp3Reader.read(MavenXpp3Reader.java:3872)
	at org.apache.maven.model.io.xpp3.MavenXpp3Reader.read(MavenXpp3Reader.java:595)
	at org.apache.maven.model.io.DefaultModelReader.read(DefaultModelReader.java:112)
	... 26 common frames omitted
2023-03-08 19:38:27,009 [Worker-8: Building] ERROR o.e.m.c.i.p.r.ProjectRegistryManager - Could not read pom.xml
org.eclipse.core.runtime.CoreException: Could not read pom.xml
	at org.eclipse.m2e.core.internal.IMavenToolbox.readModel(IMavenToolbox.java:230)
	at org.eclipse.m2e.core.internal.project.registry.ProjectRegistryManager.refreshPhase2(ProjectRegistryManager.java:574)
	at org.eclipse.m2e.core.internal.project.registry.ProjectRegistryManager.refresh(ProjectRegistryManager.java:474)
	at org.eclipse.m2e.core.internal.project.registry.ProjectRegistryManager.refresh(ProjectRegistryManager.java:360)
	at org.eclipse.m2e.core.internal.project.registry.ProjectRegistryManager.refresh(ProjectRegistryManager.java:313)
	at org.eclipse.m2e.core.internal.builder.MavenBuilder$BuildMethod.getProjectFacade(MavenBuilder.java:149)
	at org.eclipse.m2e.core.internal.builder.MavenBuilder$BuildMethod.lambda$0(MavenBuilder.java:87)
	at org.eclipse.m2e.core.internal.embedder.MavenExecutionContext.executeBare(MavenExecutionContext.java:364)
	at org.eclipse.m2e.core.internal.embedder.MavenExecutionContext.execute(MavenExecutionContext.java:274)
	at org.eclipse.m2e.core.internal.embedder.MavenExecutionContext.execute(MavenExecutionContext.java:213)
	at org.eclipse.m2e.core.internal.builder.MavenBuilder$BuildMethod.execute(MavenBuilder.java:86)
	at org.eclipse.m2e.core.internal.builder.MavenBuilder.build(MavenBuilder.java:196)
	at org.eclipse.core.internal.events.BuildManager$2.run(BuildManager.java:1020)
	at org.eclipse.core.runtime.SafeRunner.run(SafeRunner.java:45)
	at org.eclipse.core.internal.events.BuildManager.basicBuild(BuildManager.java:247)
	at org.eclipse.core.internal.events.BuildManager.basicBuild(BuildManager.java:303)
	at org.eclipse.core.internal.events.BuildManager$1.run(BuildManager.java:392)
	at org.eclipse.core.runtime.SafeRunner.run(SafeRunner.java:45)
	at org.eclipse.core.internal.events.BuildManager.basicBuild(BuildManager.java:395)
	at org.eclipse.core.internal.events.BuildManager.basicBuildLoop(BuildManager.java:506)
	at org.eclipse.core.internal.events.BuildManager.basicBuildLoop(BuildManager.java:454)
	at org.eclipse.core.internal.events.BuildManager.build(BuildManager.java:536)
	at org.eclipse.core.internal.events.AutoBuildJob.doBuild(AutoBuildJob.java:161)
	at org.eclipse.core.internal.events.AutoBuildJob.run(AutoBuildJob.java:255)
	at org.eclipse.core.internal.jobs.Worker.run(Worker.java:63)
Caused by: org.apache.maven.model.io.ModelParseException: unexpected character in markup \r (position: END_TAG seen ...<version>1.18.26</version>\r\n    \t<\r... @60:8) 
	at org.apache.maven.model.io.DefaultModelReader.read(DefaultModelReader.java:117)
	at org.apache.maven.model.io.DefaultModelReader.read(DefaultModelReader.java:85)
	at org.eclipse.m2e.core.internal.IMavenToolbox.readModel(IMavenToolbox.java:228)
	... 24 common frames omitted
Caused by: org.codehaus.plexus.util.xml.pull.XmlPullParserException: unexpected character in markup \r (position: END_TAG seen ...<version>1.18.26</version>\r\n    \t<\r... @60:8) 
	at org.codehaus.plexus.util.xml.pull.MXParser.nextImpl(MXParser.java:1525)
	at org.codehaus.plexus.util.xml.pull.MXParser.next(MXParser.java:1319)
	at org.codehaus.plexus.util.xml.pull.MXParser.nextTag(MXParser.java:1302)
	at org.apache.maven.model.io.xpp3.MavenXpp3Reader.parseDependency(MavenXpp3Reader.java:1350)
	at org.apache.maven.model.io.xpp3.MavenXpp3Reader.parseModel(MavenXpp3Reader.java:2239)
	at org.apache.maven.model.io.xpp3.MavenXpp3Reader.read(MavenXpp3Reader.java:3872)
	at org.apache.maven.model.io.xpp3.MavenXpp3Reader.read(MavenXpp3Reader.java:595)
	at org.apache.maven.model.io.DefaultModelReader.read(DefaultModelReader.java:112)
	... 26 common frames omitted
2023-03-08 19:39:11,931 [Worker-23: Building] INFO  o.e.m.c.i.l.LifecycleMappingFactory - Using org.eclipse.m2e.jdt.JarLifecycleMapping lifecycle mapping for MavenProject: com.jspiders:Hibernate_OneToMany:0.0.1-SNAPSHOT @ C:\WEJE3\QSpider's Data\Hibernate_OneToMany\pom.xml.
2023-03-08 19:39:12,194 [Worker-23: Building] INFO  o.e.m.c.i.embedder.EclipseLogger - Using 'UTF-8' encoding to copy filtered resources.
2023-03-08 19:39:12,194 [Worker-23: Building] INFO  o.e.m.c.i.embedder.EclipseLogger - skip non existing resourceDirectory C:\WEJE3\QSpider's Data\Hibernate_OneToMany\src\main\resources
2023-03-08 19:39:12,196 [Worker-23: Building] INFO  o.e.m.c.i.embedder.EclipseLogger - Using 'UTF-8' encoding to copy filtered resources.
2023-03-08 19:39:12,197 [Worker-23: Building] INFO  o.e.m.c.i.embedder.EclipseLogger - skip non existing resourceDirectory C:\WEJE3\QSpider's Data\Hibernate_OneToMany\src\test\resources
2023-03-08 19:39:13,344 [Worker-23: Building] INFO  o.e.m.c.i.embedder.EclipseLogger - Using 'UTF-8' encoding to copy filtered resources.
2023-03-08 19:39:13,345 [Worker-23: Building] INFO  o.e.m.c.i.embedder.EclipseLogger - skip non existing resourceDirectory C:\WEJE3\QSpider's Data\Hibernate_OneToMany\src\main\resources
2023-03-08 19:39:13,348 [Worker-23: Building] INFO  o.e.m.c.i.embedder.EclipseLogger - Using 'UTF-8' encoding to copy filtered resources.
2023-03-08 19:39:13,348 [Worker-23: Building] INFO  o.e.m.c.i.embedder.EclipseLogger - skip non existing resourceDirectory C:\WEJE3\QSpider's Data\Hibernate_OneToMany\src\test\resources
2023-03-08 19:39:15,633 [Worker-8: Building] INFO  o.e.m.c.i.l.LifecycleMappingFactory - Using org.eclipse.m2e.jdt.JarLifecycleMapping lifecycle mapping for MavenProject: com.jspiders:Hibernate_OneToMany:0.0.1-SNAPSHOT @ C:\WEJE3\QSpider's Data\Hibernate_OneToMany\pom.xml.
2023-03-08 19:39:15,834 [Worker-8: Building] INFO  o.e.m.c.i.embedder.EclipseLogger - Using 'UTF-8' encoding to copy filtered resources.
2023-03-08 19:39:15,835 [Worker-8: Building] INFO  o.e.m.c.i.embedder.EclipseLogger - skip non existing resourceDirectory C:\WEJE3\QSpider's Data\Hibernate_OneToMany\src\main\resources
2023-03-08 19:39:15,838 [Worker-8: Building] INFO  o.e.m.c.i.embedder.EclipseLogger - Using 'UTF-8' encoding to copy filtered resources.
2023-03-08 19:39:15,838 [Worker-8: Building] INFO  o.e.m.c.i.embedder.EclipseLogger - skip non existing resourceDirectory C:\WEJE3\QSpider's Data\Hibernate_OneToMany\src\test\resources
2023-03-08 19:39:17,202 [Worker-3: Building] INFO  o.e.m.c.i.embedder.EclipseLogger - Using 'UTF-8' encoding to copy filtered resources.
2023-03-08 19:39:17,203 [Worker-3: Building] INFO  o.e.m.c.i.embedder.EclipseLogger - skip non existing resourceDirectory C:\WEJE3\QSpider's Data\Hibernate_OneToMany\src\main\resources
2023-03-08 19:39:17,205 [Worker-3: Building] INFO  o.e.m.c.i.embedder.EclipseLogger - Using 'UTF-8' encoding to copy filtered resources.
2023-03-08 19:39:17,207 [Worker-3: Building] INFO  o.e.m.c.i.embedder.EclipseLogger - skip non existing resourceDirectory C:\WEJE3\QSpider's Data\Hibernate_OneToMany\src\test\resources
2023-03-08 19:39:53,731 [Worker-8: Building] INFO  o.e.m.c.i.embedder.EclipseLogger - Using 'UTF-8' encoding to copy filtered resources.
2023-03-08 19:39:53,740 [Worker-8: Building] INFO  o.e.m.c.i.embedder.EclipseLogger - Copying 0 resource
2023-03-08 19:39:53,743 [Worker-8: Building] INFO  o.e.m.c.i.embedder.EclipseLogger - Using 'UTF-8' encoding to copy filtered resources.
2023-03-08 19:39:53,743 [Worker-8: Building] INFO  o.e.m.c.i.embedder.EclipseLogger - skip non existing resourceDirectory C:\WEJE3\QSpider's Data\Hibernate_OneToMany\src\test\resources
2023-03-08 19:40:07,511 [Worker-3: Building] INFO  o.e.m.c.i.embedder.EclipseLogger - Using 'UTF-8' encoding to copy filtered resources.
2023-03-08 19:40:07,514 [Worker-3: Building] INFO  o.e.m.c.i.embedder.EclipseLogger - Copying 0 resource
2023-03-08 19:40:07,516 [Worker-3: Building] INFO  o.e.m.c.i.embedder.EclipseLogger - Using 'UTF-8' encoding to copy filtered resources.
2023-03-08 19:40:07,517 [Worker-3: Building] INFO  o.e.m.c.i.embedder.EclipseLogger - skip non existing resourceDirectory C:\WEJE3\QSpider's Data\Hibernate_OneToMany\src\test\resources
2023-03-08 19:40:20,513 [Worker-3: Building] INFO  o.e.m.c.i.embedder.EclipseLogger - Using 'UTF-8' encoding to copy filtered resources.
2023-03-08 19:40:20,514 [Worker-3: Building] INFO  o.e.m.c.i.embedder.EclipseLogger - Copying 1 resource
2023-03-08 19:40:20,518 [Worker-3: Building] INFO  o.e.m.c.i.embedder.EclipseLogger - Using 'UTF-8' encoding to copy filtered resources.
2023-03-08 19:40:20,518 [Worker-3: Building] INFO  o.e.m.c.i.embedder.EclipseLogger - skip non existing resourceDirectory C:\WEJE3\QSpider's Data\Hibernate_OneToMany\src\test\resources
2023-03-08 19:42:35,481 [Worker-22: Building] INFO  o.e.m.c.i.embedder.EclipseLogger - Using 'UTF-8' encoding to copy filtered resources.
2023-03-08 19:42:35,483 [Worker-22: Building] INFO  o.e.m.c.i.embedder.EclipseLogger - Copying 1 resource
2023-03-08 19:42:35,488 [Worker-22: Building] INFO  o.e.m.c.i.embedder.EclipseLogger - Using 'UTF-8' encoding to copy filtered resources.
2023-03-08 19:42:35,488 [Worker-22: Building] INFO  o.e.m.c.i.embedder.EclipseLogger - skip non existing resourceDirectory C:\WEJE3\QSpider's Data\Hibernate_OneToMany\src\test\resources
2023-03-08 19:44:13,695 [Worker-24: Building] INFO  o.e.m.c.i.embedder.EclipseLogger - Using 'UTF-8' encoding to copy filtered resources.
2023-03-08 19:44:13,696 [Worker-24: Building] INFO  o.e.m.c.i.embedder.EclipseLogger - Copying 1 resource
2023-03-08 19:44:13,698 [Worker-24: Building] INFO  o.e.m.c.i.embedder.EclipseLogger - Using 'UTF-8' encoding to copy filtered resources.
2023-03-08 19:44:13,698 [Worker-24: Building] INFO  o.e.m.c.i.embedder.EclipseLogger - skip non existing resourceDirectory C:\WEJE3\QSpider's Data\Hibernate_OneToMany\src\test\resources
2023-03-08 19:45:50,613 [Worker-3: Building] INFO  o.e.m.c.i.embedder.EclipseLogger - Using 'UTF-8' encoding to copy filtered resources.
2023-03-08 19:45:50,615 [Worker-3: Building] INFO  o.e.m.c.i.embedder.EclipseLogger - Copying 1 resource
2023-03-08 19:45:50,620 [Worker-3: Building] INFO  o.e.m.c.i.embedder.EclipseLogger - Using 'UTF-8' encoding to copy filtered resources.
2023-03-08 19:45:50,620 [Worker-3: Building] INFO  o.e.m.c.i.embedder.EclipseLogger - skip non existing resourceDirectory C:\WEJE3\QSpider's Data\Hibernate_OneToMany\src\test\resources
2023-03-08 19:50:16,618 [Worker-26: Building] INFO  o.e.m.c.i.embedder.EclipseLogger - Using 'UTF-8' encoding to copy filtered resources.
2023-03-08 19:50:16,619 [Worker-26: Building] INFO  o.e.m.c.i.embedder.EclipseLogger - Copying 1 resource
2023-03-08 19:50:16,620 [Worker-26: Building] INFO  o.e.m.c.i.embedder.EclipseLogger - Using 'UTF-8' encoding to copy filtered resources.
2023-03-08 19:50:16,621 [Worker-26: Building] INFO  o.e.m.c.i.embedder.EclipseLogger - skip non existing resourceDirectory C:\WEJE3\QSpider's Data\Hibernate_OneToMany\src\test\resources
2023-03-08 19:50:42,677 [Worker-3: Building] INFO  o.e.m.c.i.embedder.EclipseLogger - Using 'UTF-8' encoding to copy filtered resources.
2023-03-08 19:50:42,678 [Worker-3: Building] INFO  o.e.m.c.i.embedder.EclipseLogger - Copying 1 resource
2023-03-08 19:50:42,679 [Worker-3: Building] INFO  o.e.m.c.i.embedder.EclipseLogger - Using 'UTF-8' encoding to copy filtered resources.
2023-03-08 19:50:42,679 [Worker-3: Building] INFO  o.e.m.c.i.embedder.EclipseLogger - skip non existing resourceDirectory C:\WEJE3\QSpider's Data\Hibernate_OneToMany\src\test\resources
2023-03-08 19:50:47,613 [Worker-27: Building] INFO  o.e.m.c.i.embedder.EclipseLogger - Using 'UTF-8' encoding to copy filtered resources.
2023-03-08 19:50:47,614 [Worker-27: Building] INFO  o.e.m.c.i.embedder.EclipseLogger - Copying 1 resource
2023-03-08 19:50:47,617 [Worker-27: Building] INFO  o.e.m.c.i.embedder.EclipseLogger - Using 'UTF-8' encoding to copy filtered resources.
2023-03-08 19:50:47,617 [Worker-27: Building] INFO  o.e.m.c.i.embedder.EclipseLogger - skip non existing resourceDirectory C:\WEJE3\QSpider's Data\Hibernate_OneToMany\src\test\resources
2023-03-08 19:50:56,093 [Worker-27: Building] INFO  o.e.m.c.i.embedder.EclipseLogger - Using 'UTF-8' encoding to copy filtered resources.
2023-03-08 19:50:56,094 [Worker-27: Building] INFO  o.e.m.c.i.embedder.EclipseLogger - Copying 1 resource
2023-03-08 19:50:56,097 [Worker-27: Building] INFO  o.e.m.c.i.embedder.EclipseLogger - Using 'UTF-8' encoding to copy filtered resources.
2023-03-08 19:50:56,097 [Worker-27: Building] INFO  o.e.m.c.i.embedder.EclipseLogger - skip non existing resourceDirectory C:\WEJE3\QSpider's Data\Hibernate_OneToMany\src\test\resources
2023-03-08 19:52:09,571 [Worker-27: Building] INFO  o.e.m.c.i.embedder.EclipseLogger - Using 'UTF-8' encoding to copy filtered resources.
2023-03-08 19:52:09,571 [Worker-27: Building] INFO  o.e.m.c.i.embedder.EclipseLogger - Copying 1 resource
2023-03-08 19:52:09,574 [Worker-27: Building] INFO  o.e.m.c.i.embedder.EclipseLogger - Using 'UTF-8' encoding to copy filtered resources.
2023-03-08 19:52:09,574 [Worker-27: Building] INFO  o.e.m.c.i.embedder.EclipseLogger - skip non existing resourceDirectory C:\WEJE3\QSpider's Data\Hibernate_OneToMany\src\test\resources
2023-03-08 19:52:17,573 [Worker-3: Building] INFO  o.e.m.c.i.embedder.EclipseLogger - Using 'UTF-8' encoding to copy filtered resources.
2023-03-08 19:52:17,574 [Worker-3: Building] INFO  o.e.m.c.i.embedder.EclipseLogger - Copying 1 resource
2023-03-08 19:52:17,577 [Worker-3: Building] INFO  o.e.m.c.i.embedder.EclipseLogger - Using 'UTF-8' encoding to copy filtered resources.
2023-03-08 19:52:17,577 [Worker-3: Building] INFO  o.e.m.c.i.embedder.EclipseLogger - skip non existing resourceDirectory C:\WEJE3\QSpider's Data\Hibernate_OneToMany\src\test\resources
2023-03-08 19:53:42,456 [Worker-3: Building] INFO  o.e.m.c.i.embedder.EclipseLogger - Using 'UTF-8' encoding to copy filtered resources.
2023-03-08 19:53:42,457 [Worker-3: Building] INFO  o.e.m.c.i.embedder.EclipseLogger - Copying 1 resource
2023-03-08 19:53:42,459 [Worker-3: Building] INFO  o.e.m.c.i.embedder.EclipseLogger - Using 'UTF-8' encoding to copy filtered resources.
2023-03-08 19:53:42,459 [Worker-3: Building] INFO  o.e.m.c.i.embedder.EclipseLogger - skip non existing resourceDirectory C:\WEJE3\QSpider's Data\Hibernate_OneToMany\src\test\resources
2023-03-08 19:54:05,423 [Worker-26: Building] INFO  o.e.m.c.i.embedder.EclipseLogger - Using 'UTF-8' encoding to copy filtered resources.
2023-03-08 19:54:05,426 [Worker-26: Building] INFO  o.e.m.c.i.embedder.EclipseLogger - Copying 1 resource
2023-03-08 19:54:05,431 [Worker-26: Building] INFO  o.e.m.c.i.embedder.EclipseLogger - Using 'UTF-8' encoding to copy filtered resources.
2023-03-08 19:54:05,431 [Worker-26: Building] INFO  o.e.m.c.i.embedder.EclipseLogger - skip non existing resourceDirectory C:\WEJE3\QSpider's Data\Hibernate_OneToMany\src\test\resources
2023-03-08 19:58:24,182 [Worker-28: Launching InserDTO] INFO  o.e.m.c.i.embedder.EclipseLogger - Using 'UTF-8' encoding to copy filtered resources.
2023-03-08 19:58:24,183 [Worker-28: Launching InserDTO] INFO  o.e.m.c.i.embedder.EclipseLogger - Copying 1 resource
2023-03-08 19:58:24,185 [Worker-28: Launching InserDTO] INFO  o.e.m.c.i.embedder.EclipseLogger - Using 'UTF-8' encoding to copy filtered resources.
2023-03-08 19:58:24,186 [Worker-28: Launching InserDTO] INFO  o.e.m.c.i.embedder.EclipseLogger - skip non existing resourceDirectory C:\WEJE3\QSpider's Data\Hibernate_OneToMany\src\test\resources
2023-03-08 19:59:12,814 [Worker-28: Building] INFO  o.e.m.c.i.embedder.EclipseLogger - Using 'UTF-8' encoding to copy filtered resources.
2023-03-08 19:59:12,815 [Worker-28: Building] INFO  o.e.m.c.i.embedder.EclipseLogger - Copying 1 resource
2023-03-08 19:59:12,820 [Worker-28: Building] INFO  o.e.m.c.i.embedder.EclipseLogger - Using 'UTF-8' encoding to copy filtered resources.
2023-03-08 19:59:12,820 [Worker-28: Building] INFO  o.e.m.c.i.embedder.EclipseLogger - skip non existing resourceDirectory C:\WEJE3\QSpider's Data\Hibernate_OneToMany\src\test\resources
2023-03-08 20:00:30,550 [Worker-24: Building] INFO  o.e.m.c.i.embedder.EclipseLogger - Using 'UTF-8' encoding to copy filtered resources.
2023-03-08 20:00:30,552 [Worker-24: Building] INFO  o.e.m.c.i.embedder.EclipseLogger - Copying 1 resource
2023-03-08 20:00:30,556 [Worker-24: Building] INFO  o.e.m.c.i.embedder.EclipseLogger - Using 'UTF-8' encoding to copy filtered resources.
2023-03-08 20:00:30,556 [Worker-24: Building] INFO  o.e.m.c.i.embedder.EclipseLogger - skip non existing resourceDirectory C:\WEJE3\QSpider's Data\Hibernate_OneToMany\src\test\resources
2023-03-08 20:00:49,219 [Worker-28: Building] INFO  o.e.m.c.i.embedder.EclipseLogger - Using 'UTF-8' encoding to copy filtered resources.
2023-03-08 20:00:49,220 [Worker-28: Building] INFO  o.e.m.c.i.embedder.EclipseLogger - Copying 1 resource
2023-03-08 20:00:49,225 [Worker-28: Building] INFO  o.e.m.c.i.embedder.EclipseLogger - Using 'UTF-8' encoding to copy filtered resources.
2023-03-08 20:00:49,225 [Worker-28: Building] INFO  o.e.m.c.i.embedder.EclipseLogger - skip non existing resourceDirectory C:\WEJE3\QSpider's Data\Hibernate_OneToMany\src\test\resources
2023-03-08 20:01:48,429 [Worker-26: Building] INFO  o.e.m.c.i.embedder.EclipseLogger - Using 'UTF-8' encoding to copy filtered resources.
2023-03-08 20:01:48,429 [Worker-26: Building] INFO  o.e.m.c.i.embedder.EclipseLogger - Copying 1 resource
2023-03-08 20:01:48,431 [Worker-26: Building] INFO  o.e.m.c.i.embedder.EclipseLogger - Using 'UTF-8' encoding to copy filtered resources.
2023-03-08 20:01:48,431 [Worker-26: Building] INFO  o.e.m.c.i.embedder.EclipseLogger - skip non existing resourceDirectory C:\WEJE3\QSpider's Data\Hibernate_OneToMany\src\test\resources
2023-03-08 20:02:20,021 [Worker-27: Building] INFO  o.e.m.c.i.embedder.EclipseLogger - Using 'UTF-8' encoding to copy filtered resources.
2023-03-08 20:02:20,022 [Worker-27: Building] INFO  o.e.m.c.i.embedder.EclipseLogger - Copying 1 resource
2023-03-08 20:02:20,024 [Worker-27: Building] INFO  o.e.m.c.i.embedder.EclipseLogger - Using 'UTF-8' encoding to copy filtered resources.
2023-03-08 20:02:20,024 [Worker-27: Building] INFO  o.e.m.c.i.embedder.EclipseLogger - skip non existing resourceDirectory C:\WEJE3\QSpider's Data\Hibernate_OneToMany\src\test\resources
